Using pre-set license
Built from '2020.3/release' branch; Version is '2020.3.2f1 (8fd9074bf66c) revision 9427207'; Using compiler version '192528614'; Build Type 'Release'
OS: 'Windows 10 Home; OS build 19041.985; Version 2004; 64bit' Language: 'fr' Physical Memory: 16128 MB
BatchMode: 1, IsHumanControllingUs: 0, StartBugReporterOnCrash: 0, Is64bit: 1, IsPro: 0

 COMMAND LINE ARGUMENTS:
C:\Program Files\Unity\Hub\Editor\2020.3.2f1\Editor\Unity.exe
-adb2
-batchMode
-noUpm
-name
AssetImportWorker0
-projectPath
C:/Users/lilas/Downloads/Amosis
-logFile
Logs/AssetImportWorker0.log
-srvPort
49938
Successfully changed project path to: C:/Users/lilas/Downloads/Amosis
C:/Users/lilas/Downloads/Amosis
Using Asset Import Pipeline V2.
Refreshing native plugins compatible for Editor in 24.11 ms, found 0 plugins.
Preloading 0 native plugins for Editor in 0.00 ms.
Initialize engine version: 2020.3.2f1 (8fd9074bf66c)
[Subsystems] Discovering subsystems at path C:/Program Files/Unity/Hub/Editor/2020.3.2f1/Editor/Data/Resources/UnitySubsystems
[Subsystems] Discovering subsystems at path C:/Users/lilas/Downloads/Amosis/Assets
GfxDevice: creating device client; threaded=0
Direct3D:
    Version:  Direct3D 11.0 [level 11.1]
    Renderer: NVIDIA GeForce GTX 1650 Ti (ID=0x1f95)
    Vendor:   
    VRAM:     3964 MB
    Driver:   27.21.14.6611
Initialize mono
Mono path[0] = 'C:/Program Files/Unity/Hub/Editor/2020.3.2f1/Editor/Data/Managed'
Mono path[1] = 'C:/Program Files/Unity/Hub/Editor/2020.3.2f1/Editor/Data/MonoBleedingEdge/lib/mono/unityjit'
Mono config path = 'C:/Program Files/Unity/Hub/Editor/2020.3.2f1/Editor/Data/MonoBleedingEdge/etc'
Using monoOptions --debugger-agent=transport=dt_socket,embedding=1,server=y,suspend=n,address=127.0.0.1:56728
Begin MonoManager ReloadAssembly
Registering precompiled unity dll's ...
Register platform support module: C:/Program Files/Unity/Hub/Editor/2020.3.2f1/Editor/Data/PlaybackEngines/WindowsStandaloneSupport/UnityEditor.WindowsStandalone.Extensions.dll
Registered in 0.001482 seconds.
Native extension for WindowsStandalone target not found
Refreshing native plugins compatible for Editor in 25.06 ms, found 0 plugins.
Preloading 0 native plugins for Editor in 0.00 ms.
Invoked RoslynAnalysisRunner static constructor.
RoslynAnalysisRunner will not be running.
RoslynAnalysisRunner has terminated.
Mono: successfully reloaded assembly
- Completed reload, in  0.868 seconds
Platform modules already initialized, skipping
Registering precompiled user dll's ...
Registered in 0.000571 seconds.
Begin MonoManager ReloadAssembly
Native extension for WindowsStandalone target not found
Refreshing native plugins compatible for Editor in 0.20 ms, found 0 plugins.
Preloading 0 native plugins for Editor in 0.00 ms.
Invoked RoslynAnalysisRunner static constructor.
RoslynAnalysisRunner will not be running.
RoslynAnalysisRunner has terminated.
Mono: successfully reloaded assembly
- Completed reload, in  0.734 seconds
Platform modules already initialized, skipping
========================================================================
Worker process is ready to serve import requests
Launched and connected shader compiler UnityShaderCompiler.exe after 0.03 seconds
Refreshing native plugins compatible for Editor in 0.20 ms, found 0 plugins.
Preloading 0 native plugins for Editor in 0.00 ms.
Unloading 1266 Unused Serialized files (Serialized files now loaded: 0)
System memory in use before: 82.0 MB.
System memory in use after: 82.1 MB.

Unloading 11 unused Assets to reduce memory usage. Loaded Objects now: 1730.
Total: 1.564300 ms (FindLiveObjects: 0.187400 ms CreateObjectMapping: 0.045600 ms MarkObjects: 1.266000 ms  DeleteObjects: 0.064600 ms)

========================================================================
Received Import Request.
  path: Assets/Import/Egypte1.wav
  artifactKey: Guid(ea63b9da00ab1a340b577ffef556f8da) Importer(815301076,1909f56bfc062723c751e8b465ee728b)
Start importing Assets/Import/Egypte1.wav using Guid(ea63b9da00ab1a340b577ffef556f8da) Importer(815301076,1909f56bfc062723c751e8b465ee728b)  -> (artifact id: '83ec54e617bbefb9a26de3b0a189d12c') in 0.102496 seconds
  Import took 0.104260 seconds .

========================================================================
Received Import Request.
  Time since last request: 0.000173 seconds.
  path: Assets/Import/Egypte2.wav
  artifactKey: Guid(7fc8902b69a12e3448ea1d8f88ce79a7) Importer(815301076,1909f56bfc062723c751e8b465ee728b)
Start importing Assets/Import/Egypte2.wav using Guid(7fc8902b69a12e3448ea1d8f88ce79a7) Importer(815301076,1909f56bfc062723c751e8b465ee728b)  -> (artifact id: 'e9baf5fd7485ea3b6ac52c9f37936ab5') in 0.018553 seconds
  Import took 0.020476 seconds .

========================================================================
Received Import Request.
  Time since last request: 0.000202 seconds.
  path: Assets/Import/Egypte3.wav
  artifactKey: Guid(adf5cdf4d8297334da3fe542b8bae279) Importer(815301076,1909f56bfc062723c751e8b465ee728b)
Start importing Assets/Import/Egypte3.wav using Guid(adf5cdf4d8297334da3fe542b8bae279) Importer(815301076,1909f56bfc062723c751e8b465ee728b)  -> (artifact id: '8872ddc586df603b8fd61f6e54dfc0af') in 0.015561 seconds
  Import took 0.018163 seconds .

========================================================================
Received Import Request.
  Time since last request: 11.817570 seconds.
  path: Assets/Import/Images/Options 2.png
  artifactKey: Guid(f5c1aebe12aaa1c4e9077bd6fcd39fdf) Importer(815301076,1909f56bfc062723c751e8b465ee728b)
Start importing Assets/Import/Images/Options 2.png using Guid(f5c1aebe12aaa1c4e9077bd6fcd39fdf) Importer(815301076,1909f56bfc062723c751e8b465ee728b)  -> (artifact id: 'cde2fb35db0b698a0d8573b207beb9e6') in 0.036348 seconds
  Import took 0.038565 seconds .

========================================================================
Received Import Request.
  Time since last request: 7.973556 seconds.
  path: Assets/Scenes/Options.unity
  artifactKey: Guid(9fa43663b649ebb4681260bc08b9d7e0) Importer(815301076,1909f56bfc062723c751e8b465ee728b)
Start importing Assets/Scenes/Options.unity using Guid(9fa43663b649ebb4681260bc08b9d7e0) Importer(815301076,1909f56bfc062723c751e8b465ee728b)  -> (artifact id: '06520eb7bf591bd97ddff62297de0a31') in 0.006781 seconds
  Import took 0.009023 seconds .

========================================================================
Received Prepare
Refreshing native plugins compatible for Editor in 0.70 ms, found 0 plugins.
Preloading 0 native plugins for Editor in 0.00 ms.
Unloading 3 Unused Serialized files (Serialized files now loaded: 0)
System memory in use before: 60.0 MB.
System memory in use after: 60.1 MB.

Unloading 3 unused Assets to reduce memory usage. Loaded Objects now: 1741.
Total: 2.728100 ms (FindLiveObjects: 0.409600 ms CreateObjectMapping: 0.137900 ms MarkObjects: 2.122100 ms  DeleteObjects: 0.056200 ms)

AssetImportWorkerClient::OnTransportError - code=2 error=End of file
